Determining if files pthread.h exist passed with the following output:
Change Dir: /home/aguilerapjc/JC/NAO/naoWS/relevos/build-naoqi64/CMakeFiles/CMakeTmp

Run Build Command:/usr/bin/make "cmTryCompileExec1056624638/fast"
/usr/bin/make -f CMakeFiles/cmTryCompileExec1056624638.dir/build.make CMakeFiles/cmTryCompileExec1056624638.dir/build
make[1]: Entering directory `/home/aguilerapjc/JC/NAO/naoWS/relevos/build-naoqi64/CMakeFiles/CMakeTmp'
/usr/bin/cmake -E cmake_progress_report /home/aguilerapjc/JC/NAO/naoWS/relevos/build-naoqi64/CMakeFiles/CMakeTmp/CMakeFiles 1
Building C object CMakeFiles/cmTryCompileExec1056624638.dir/CheckIncludeFiles.c.o
/usr/bin/cc    -o CMakeFiles/cmTryCompileExec1056624638.dir/CheckIncludeFiles.c.o   -c /home/aguilerapjc/JC/NAO/naoWS/relevos/build-naoqi64/CMakeFiles/CMakeTmp/CheckIncludeFiles.c
Linking C executable cmTryCompileExec1056624638
/usr/bin/cmake -E cmake_link_script CMakeFiles/cmTryCompileExec1056624638.dir/link.txt --verbose=1
/usr/bin/cc       CMakeFiles/cmTryCompileExec1056624638.dir/CheckIncludeFiles.c.o  -o cmTryCompileExec1056624638 -rdynamic 
make[1]: Leaving directory `/home/aguilerapjc/JC/NAO/naoWS/relevos/build-naoqi64/CMakeFiles/CMakeTmp'


Determining if the function pthread_create exists in the pthread passed with the following output:
Change Dir: /home/aguilerapjc/JC/NAO/naoWS/relevos/build-naoqi64/CMakeFiles/CMakeTmp

Run Build Command:/usr/bin/make "cmTryCompileExec571009209/fast"
/usr/bin/make -f CMakeFiles/cmTryCompileExec571009209.dir/build.make CMakeFiles/cmTryCompileExec571009209.dir/build
make[1]: Entering directory `/home/aguilerapjc/JC/NAO/naoWS/relevos/build-naoqi64/CMakeFiles/CMakeTmp'
/usr/bin/cmake -E cmake_progress_report /home/aguilerapjc/JC/NAO/naoWS/relevos/build-naoqi64/CMakeFiles/CMakeTmp/CMakeFiles 1
Building C object CMakeFiles/cmTryCompileExec571009209.dir/CheckFunctionExists.c.o
/usr/bin/cc   -DCHECK_FUNCTION_EXISTS=pthread_create   -o CMakeFiles/cmTryCompileExec571009209.dir/CheckFunctionExists.c.o   -c /usr/share/cmake-2.8/Modules/CheckFunctionExists.c
Linking C executable cmTryCompileExec571009209
/usr/bin/cmake -E cmake_link_script CMakeFiles/cmTryCompileExec571009209.dir/link.txt --verbose=1
/usr/bin/cc   -DCHECK_FUNCTION_EXISTS=pthread_create    CMakeFiles/cmTryCompileExec571009209.dir/CheckFunctionExists.c.o  -o cmTryCompileExec571009209 -rdynamic -lpthread 
make[1]: Leaving directory `/home/aguilerapjc/JC/NAO/naoWS/relevos/build-naoqi64/CMakeFiles/CMakeTmp'


