Determining if the pthread_create exist failed with the following output:
Change Dir: /home/aguilerapjc/JC/NAO/naoWS/relevos/build-naoqi64/CMakeFiles/CMakeTmp

Run Build Command:/usr/bin/make "cmTryCompileExec2906032796/fast"
/usr/bin/make -f CMakeFiles/cmTryCompileExec2906032796.dir/build.make CMakeFiles/cmTryCompileExec2906032796.dir/build
make[1]: Entering directory `/home/aguilerapjc/JC/NAO/naoWS/relevos/build-naoqi64/CMakeFiles/CMakeTmp'
/usr/bin/cmake -E cmake_progress_report /home/aguilerapjc/JC/NAO/naoWS/relevos/build-naoqi64/CMakeFiles/CMakeTmp/CMakeFiles 1
Building C object CMakeFiles/cmTryCompileExec2906032796.dir/CheckSymbolExists.c.o
/usr/bin/cc    -o CMakeFiles/cmTryCompileExec2906032796.dir/CheckSymbolExists.c.o   -c /home/aguilerapjc/JC/NAO/naoWS/relevos/build-naoqi64/CMakeFiles/CMakeTmp/CheckSymbolExists.c
Linking C executable cmTryCompileExec2906032796
/usr/bin/cmake -E cmake_link_script CMakeFiles/cmTryCompileExec2906032796.dir/link.txt --verbose=1
/usr/bin/cc       CMakeFiles/cmTryCompileExec2906032796.dir/CheckSymbolExists.c.o  -o cmTryCompileExec2906032796 -rdynamic 
CMakeFiles/cmTryCompileExec2906032796.dir/CheckSymbolExists.c.o: In function `main':
CheckSymbolExists.c:(.text+0x16): undefined reference to `pthread_create'
collect2: error: ld returned 1 exit status
make[1]: *** [cmTryCompileExec2906032796] Error 1
make[1]: Leaving directory `/home/aguilerapjc/JC/NAO/naoWS/relevos/build-naoqi64/CMakeFiles/CMakeTmp'
make: *** [cmTryCompileExec2906032796/fast] Error 2

File /home/aguilerapjc/JC/NAO/naoWS/relevos/build-naoqi64/CMakeFiles/CMakeTmp/CheckSymbolExists.c:
/* */
#include <pthread.h>

int main(int argc, char** argv)
{
  (void)argv;
#ifndef pthread_create
  return ((int*)(&pthread_create))[argc];
#else
  (void)argc;
  return 0;
#endif
}

Determining if the function pthread_create exists in the pthreads failed with the following output:
Change Dir: /home/aguilerapjc/JC/NAO/naoWS/relevos/build-naoqi64/CMakeFiles/CMakeTmp

Run Build Command:/usr/bin/make "cmTryCompileExec500927001/fast"
/usr/bin/make -f CMakeFiles/cmTryCompileExec500927001.dir/build.make CMakeFiles/cmTryCompileExec500927001.dir/build
make[1]: Entering directory `/home/aguilerapjc/JC/NAO/naoWS/relevos/build-naoqi64/CMakeFiles/CMakeTmp'
/usr/bin/cmake -E cmake_progress_report /home/aguilerapjc/JC/NAO/naoWS/relevos/build-naoqi64/CMakeFiles/CMakeTmp/CMakeFiles 1
Building C object CMakeFiles/cmTryCompileExec500927001.dir/CheckFunctionExists.c.o
/usr/bin/cc   -DCHECK_FUNCTION_EXISTS=pthread_create   -o CMakeFiles/cmTryCompileExec500927001.dir/CheckFunctionExists.c.o   -c /usr/share/cmake-2.8/Modules/CheckFunctionExists.c
Linking C executable cmTryCompileExec500927001
/usr/bin/cmake -E cmake_link_script CMakeFiles/cmTryCompileExec500927001.dir/link.txt --verbose=1
/usr/bin/cc   -DCHECK_FUNCTION_EXISTS=pthread_create    CMakeFiles/cmTryCompileExec500927001.dir/CheckFunctionExists.c.o  -o cmTryCompileExec500927001 -rdynamic -lpthreads 
/usr/bin/ld: cannot find -lpthreads
collect2: error: ld returned 1 exit status
make[1]: Leaving directory `/home/aguilerapjc/JC/NAO/naoWS/relevos/build-naoqi64/CMakeFiles/CMakeTmp'
make[1]: *** [cmTryCompileExec500927001] Error 1
make: *** [cmTryCompileExec500927001/fast] Error 2


